2025-03-21T09:58:53.701+09:00  INFO 6404 --- [ch10] [restartedMain] kr.co.ch10.Ch10Application               : Starting Ch10Application using Java 17.0.12 with PID 6404 (C:\Users\lotte6\Desktop\workspace\Spring\ch10\build\classes\java\main started by lotte6 in C:\Users\lotte6\Desktop\workspace\Spring\ch10)
2025-03-21T09:58:53.703+09:00  INFO 6404 --- [ch10] [restartedMain] kr.co.ch10.Ch10Application               : No active profile set, falling back to 1 default profile: "default"
2025-03-21T09:58:53.741+09:00  INFO 6404 --- [ch10] [restartedMain] .e.DevToolsPropertyDefaultsPostProcessor : Devtools property defaults active! Set 'spring.devtools.add-properties' to 'false' to disable
2025-03-21T09:58:53.742+09:00  INFO 6404 --- [ch10] [restartedMain] .e.DevToolsPropertyDefaultsPostProcessor : For additional web related logging consider setting the 'logging.level.web' property to 'DEBUG'
2025-03-21T09:58:54.304+09:00  INFO 6404 --- [ch10] [restartedMain] .s.d.r.c.RepositoryConfigurationDelegate : Bootstrapping Spring Data JPA repositories in DEFAULT mode.
2025-03-21T09:58:54.350+09:00  INFO 6404 --- [ch10] [restartedMain] .s.d.r.c.RepositoryConfigurationDelegate : Finished Spring Data repository scanning in 37 ms. Found 1 JPA repository interface.
2025-03-21T09:58:54.869+09:00  INFO 6404 --- [ch10] [restartedMain] o.s.b.w.embedded.tomcat.TomcatWebServer  : Tomcat initialized with port 8080 (http)
2025-03-21T09:58:54.883+09:00  INFO 6404 --- [ch10] [restartedMain] o.apache.catalina.core.StandardService   : Starting service [Tomcat]
2025-03-21T09:58:54.883+09:00  INFO 6404 --- [ch10] [restartedMain] o.apache.catalina.core.StandardEngine    : Starting Servlet engine: [Apache Tomcat/10.1.36]
2025-03-21T09:58:54.926+09:00  INFO 6404 --- [ch10] [restartedMain] o.a.c.c.C.[Tomcat].[localhost].[/ch10]   : Initializing Spring embedded WebApplicationContext
2025-03-21T09:58:54.926+09:00  INFO 6404 --- [ch10] [restartedMain] w.s.c.ServletWebServerApplicationContext : Root WebApplicationContext: initialization completed in 1184 ms
2025-03-21T09:58:55.080+09:00  INFO 6404 --- [ch10] [restartedMain] o.hibernate.jpa.internal.util.LogHelper  : HHH000204: Processing PersistenceUnitInfo [name: default]
2025-03-21T09:58:55.150+09:00  INFO 6404 --- [ch10] [restartedMain] org.hibernate.Version                    : HHH000412: Hibernate ORM core version 6.6.8.Final
2025-03-21T09:58:55.186+09:00  INFO 6404 --- [ch10] [restartedMain] o.h.c.internal.RegionFactoryInitiator    : HHH000026: Second-level cache disabled
2025-03-21T09:58:55.493+09:00  INFO 6404 --- [ch10] [restartedMain] o.s.o.j.p.SpringPersistenceUnitInfo      : No LoadTimeWeaver setup: ignoring JPA class transformer
2025-03-21T09:58:55.526+09:00  INFO 6404 --- [ch10] [restartedMain] com.zaxxer.hikari.HikariDataSource       : HikariPool-1 - Starting...
2025-03-21T09:58:55.785+09:00  INFO 6404 --- [ch10] [restartedMain] com.zaxxer.hikari.pool.HikariPool        : HikariPool-1 - Added connection com.mysql.cj.jdbc.ConnectionImpl@bfd0648
2025-03-21T09:58:55.787+09:00  INFO 6404 --- [ch10] [restartedMain] com.zaxxer.hikari.HikariDataSource       : HikariPool-1 - Start completed.
2025-03-21T09:58:55.838+09:00  WARN 6404 --- [ch10] [restartedMain] org.hibernate.orm.deprecation            : HHH90000025: MySQLDialect does not need to be specified explicitly using 'hibernate.dialect' (remove the property setting and it will be selected by default)
2025-03-21T09:58:55.856+09:00  INFO 6404 --- [ch10] [restartedMain] org.hibernate.orm.connections.pooling    : HHH10001005: Database info:
	Database JDBC URL [Connecting through datasource 'HikariDataSource (HikariPool-1)']
	Database driver: undefined/unknown
	Database version: 8.4.3
	Autocommit mode: undefined/unknown
	Isolation level: undefined/unknown
	Minimum pool size: undefined/unknown
	Maximum pool size: undefined/unknown
2025-03-21T09:58:56.623+09:00  INFO 6404 --- [ch10] [restartedMain] o.h.e.t.j.p.i.JtaPlatformInitiator       : HHH000489: No JTA platform available (set 'hibernate.transaction.jta.platform' to enable JTA platform integration)
2025-03-21T09:58:56.751+09:00  INFO 6404 --- [ch10] [restartedMain] j.LocalContainerEntityManagerFactoryBean : Initialized JPA EntityManagerFactory for persistence unit 'default'
2025-03-21T09:58:56.974+09:00  WARN 6404 --- [ch10] [restartedMain] JpaBaseConfiguration$JpaWebConfiguration : spring.jpa.open-in-view is enabled by default. Therefore, database queries may be performed during view rendering. Explicitly configure spring.jpa.open-in-view to disable this warning
2025-03-21T09:58:57.007+09:00  INFO 6404 --- [ch10] [restartedMain] r$InitializeUserDetailsManagerConfigurer : Global AuthenticationManager configured with UserDetailsService bean with name myUserDetailsService
2025-03-21T09:58:57.077+09:00  INFO 6404 --- [ch10] [restartedMain] o.s.b.a.w.s.WelcomePageHandlerMapping    : Adding welcome page template: index
2025-03-21T09:58:57.515+09:00  INFO 6404 --- [ch10] [restartedMain] o.s.b.d.a.OptionalLiveReloadServer       : LiveReload server is running on port 35729
2025-03-21T09:58:57.543+09:00  INFO 6404 --- [ch10] [restartedMain] o.s.b.w.embedded.tomcat.TomcatWebServer  : Tomcat started on port 8080 (http) with context path '/ch10'
2025-03-21T09:58:57.549+09:00  INFO 6404 --- [ch10] [restartedMain] kr.co.ch10.Ch10Application               : Started Ch10Application in 4.273 seconds (process running for 4.757)
2025-03-21T09:59:05.052+09:00  INFO 6404 --- [ch10] [http-nio-8080-exec-3] o.a.c.c.C.[Tomcat].[localhost].[/ch10]   : Initializing Spring DispatcherServlet 'dispatcherServlet'
2025-03-21T09:59:05.052+09:00  INFO 6404 --- [ch10] [http-nio-8080-exec-3] o.s.web.servlet.DispatcherServlet        : Initializing Servlet 'dispatcherServlet'
2025-03-21T09:59:05.053+09:00  INFO 6404 --- [ch10] [http-nio-8080-exec-3] o.s.web.servlet.DispatcherServlet        : Completed initialization in 1 ms
2025-03-21T10:05:39.822+09:00  INFO 6404 --- [ch10] [File Watcher] rtingClassPathChangeChangedEventListener : Restarting due to 2 class path changes (2 additions, 0 deletions, 0 modifications)
2025-03-21T10:05:39.824+09:00  INFO 6404 --- [ch10] [Thread-5] o.s.b.w.e.tomcat.GracefulShutdown        : Commencing graceful shutdown. Waiting for active requests to complete
2025-03-21T10:05:39.900+09:00  INFO 6404 --- [ch10] [tomcat-shutdown] o.s.b.w.e.tomcat.GracefulShutdown        : Graceful shutdown complete
2025-03-21T10:05:39.903+09:00  INFO 6404 --- [ch10] [Thread-5] j.LocalContainerEntityManagerFactoryBean : Closing JPA EntityManagerFactory for persistence unit 'default'
2025-03-21T10:05:39.906+09:00  INFO 6404 --- [ch10] [Thread-5] com.zaxxer.hikari.HikariDataSource       : HikariPool-1 - Shutdown initiated...
2025-03-21T10:05:39.911+09:00  INFO 6404 --- [ch10] [Thread-5] com.zaxxer.hikari.HikariDataSource       : HikariPool-1 - Shutdown completed.
2025-03-21T10:05:39.976+09:00  INFO 6404 --- [ch10] [restartedMain] kr.co.ch10.Ch10Application               : Starting Ch10Application using Java 17.0.12 with PID 6404 (C:\Users\lotte6\Desktop\workspace\Spring\ch10\build\classes\java\main started by lotte6 in C:\Users\lotte6\Desktop\workspace\Spring\ch10)
2025-03-21T10:05:39.976+09:00  INFO 6404 --- [ch10] [restartedMain] kr.co.ch10.Ch10Application               : No active profile set, falling back to 1 default profile: "default"
2025-03-21T10:05:40.151+09:00  INFO 6404 --- [ch10] [restartedMain] .s.d.r.c.RepositoryConfigurationDelegate : Bootstrapping Spring Data JPA repositories in DEFAULT mode.
2025-03-21T10:05:40.159+09:00  INFO 6404 --- [ch10] [restartedMain] .s.d.r.c.RepositoryConfigurationDelegate : Finished Spring Data repository scanning in 6 ms. Found 1 JPA repository interface.
2025-03-21T10:05:40.258+09:00  INFO 6404 --- [ch10] [restartedMain] o.s.b.w.embedded.tomcat.TomcatWebServer  : Tomcat initialized with port 8080 (http)
2025-03-21T10:05:40.259+09:00  INFO 6404 --- [ch10] [restartedMain] o.apache.catalina.core.StandardService   : Starting service [Tomcat]
2025-03-21T10:05:40.259+09:00  INFO 6404 --- [ch10] [restartedMain] o.apache.catalina.core.StandardEngine    : Starting Servlet engine: [Apache Tomcat/10.1.36]
2025-03-21T10:05:40.278+09:00  INFO 6404 --- [ch10] [restartedMain] o.a.c.c.C.[Tomcat].[localhost].[/ch10]   : Initializing Spring embedded WebApplicationContext
2025-03-21T10:05:40.278+09:00  INFO 6404 --- [ch10] [restartedMain] w.s.c.ServletWebServerApplicationContext : Root WebApplicationContext: initialization completed in 300 ms
2025-03-21T10:05:40.319+09:00  INFO 6404 --- [ch10] [restartedMain] o.hibernate.jpa.internal.util.LogHelper  : HHH000204: Processing PersistenceUnitInfo [name: default]
2025-03-21T10:05:40.323+09:00  INFO 6404 --- [ch10] [restartedMain] o.h.c.internal.RegionFactoryInitiator    : HHH000026: Second-level cache disabled
2025-03-21T10:05:40.333+09:00  INFO 6404 --- [ch10] [restartedMain] o.s.o.j.p.SpringPersistenceUnitInfo      : No LoadTimeWeaver setup: ignoring JPA class transformer
2025-03-21T10:05:40.334+09:00  INFO 6404 --- [ch10] [restartedMain] com.zaxxer.hikari.HikariDataSource       : HikariPool-2 - Starting...
2025-03-21T10:05:40.345+09:00  INFO 6404 --- [ch10] [restartedMain] com.zaxxer.hikari.pool.HikariPool        : HikariPool-2 - Added connection com.mysql.cj.jdbc.ConnectionImpl@5aae0e7d
2025-03-21T10:05:40.345+09:00  INFO 6404 --- [ch10] [restartedMain] com.zaxxer.hikari.HikariDataSource       : HikariPool-2 - Start completed.
2025-03-21T10:05:40.347+09:00  WARN 6404 --- [ch10] [restartedMain] org.hibernate.orm.deprecation            : HHH90000025: MySQLDialect does not need to be specified explicitly using 'hibernate.dialect' (remove the property setting and it will be selected by default)
2025-03-21T10:05:40.347+09:00  INFO 6404 --- [ch10] [restartedMain] org.hibernate.orm.connections.pooling    : HHH10001005: Database info:
	Database JDBC URL [Connecting through datasource 'HikariDataSource (HikariPool-2)']
	Database driver: undefined/unknown
	Database version: 8.4.3
	Autocommit mode: undefined/unknown
	Isolation level: undefined/unknown
	Minimum pool size: undefined/unknown
	Maximum pool size: undefined/unknown
2025-03-21T10:05:40.381+09:00  INFO 6404 --- [ch10] [restartedMain] o.h.e.t.j.p.i.JtaPlatformInitiator       : HHH000489: No JTA platform available (set 'hibernate.transaction.jta.platform' to enable JTA platform integration)
2025-03-21T10:05:40.390+09:00  INFO 6404 --- [ch10] [restartedMain] j.LocalContainerEntityManagerFactoryBean : Initialized JPA EntityManagerFactory for persistence unit 'default'
2025-03-21T10:05:40.459+09:00  WARN 6404 --- [ch10] [restartedMain] JpaBaseConfiguration$JpaWebConfiguration : spring.jpa.open-in-view is enabled by default. Therefore, database queries may be performed during view rendering. Explicitly configure spring.jpa.open-in-view to disable this warning
2025-03-21T10:05:40.473+09:00  INFO 6404 --- [ch10] [restartedMain] r$InitializeUserDetailsManagerConfigurer : Global AuthenticationManager configured with UserDetailsService bean with name myUserDetailsService
2025-03-21T10:05:40.485+09:00  INFO 6404 --- [ch10] [restartedMain] o.s.b.a.w.s.WelcomePageHandlerMapping    : Adding welcome page template: index
2025-03-21T10:05:40.726+09:00  INFO 6404 --- [ch10] [restartedMain] o.s.b.d.a.OptionalLiveReloadServer       : LiveReload server is running on port 35729
2025-03-21T10:05:40.736+09:00  INFO 6404 --- [ch10] [restartedMain] o.s.b.w.embedded.tomcat.TomcatWebServer  : Tomcat started on port 8080 (http) with context path '/ch10'
2025-03-21T10:05:40.740+09:00  INFO 6404 --- [ch10] [restartedMain] kr.co.ch10.Ch10Application               : Started Ch10Application in 0.789 seconds (process running for 407.966)
2025-03-21T10:05:40.742+09:00  INFO 6404 --- [ch10] [restartedMain] .ConditionEvaluationDeltaLoggingListener : Condition evaluation unchanged
2025-03-21T10:10:08.770+09:00  INFO 6404 --- [ch10] [File Watcher] rtingClassPathChangeChangedEventListener : Restarting due to 11 class path changes (0 additions, 11 deletions, 0 modifications)
2025-03-21T10:10:08.772+09:00  INFO 6404 --- [ch10] [Thread-7] o.s.b.w.e.tomcat.GracefulShutdown        : Commencing graceful shutdown. Waiting for active requests to complete
2025-03-21T10:10:08.855+09:00  INFO 6404 --- [ch10] [tomcat-shutdown] o.s.b.w.e.tomcat.GracefulShutdown        : Graceful shutdown complete
2025-03-21T10:10:08.857+09:00  INFO 6404 --- [ch10] [Thread-7] j.LocalContainerEntityManagerFactoryBean : Closing JPA EntityManagerFactory for persistence unit 'default'
2025-03-21T10:10:08.857+09:00  INFO 6404 --- [ch10] [Thread-7] com.zaxxer.hikari.HikariDataSource       : HikariPool-2 - Shutdown initiated...
2025-03-21T10:10:08.861+09:00  INFO 6404 --- [ch10] [Thread-7] com.zaxxer.hikari.HikariDataSource       : HikariPool-2 - Shutdown completed.
2025-03-21T10:10:08.936+09:00  INFO 6404 --- [ch10] [restartedMain] kr.co.ch10.Ch10Application               : Starting Ch10Application using Java 17.0.12 with PID 6404 (C:\Users\lotte6\Desktop\workspace\Spring\ch10\build\classes\java\main started by lotte6 in C:\Users\lotte6\Desktop\workspace\Spring\ch10)
2025-03-21T10:10:08.936+09:00  INFO 6404 --- [ch10] [restartedMain] kr.co.ch10.Ch10Application               : No active profile set, falling back to 1 default profile: "default"
2025-03-21T10:10:09.100+09:00  INFO 6404 --- [ch10] [restartedMain] .s.d.r.c.RepositoryConfigurationDelegate : Bootstrapping Spring Data JPA repositories in DEFAULT mode.
2025-03-21T10:10:09.102+09:00  INFO 6404 --- [ch10] [restartedMain] .s.d.r.c.RepositoryConfigurationDelegate : Finished Spring Data repository scanning in 1 ms. Found 0 JPA repository interfaces.
2025-03-21T10:10:09.167+09:00  INFO 6404 --- [ch10] [restartedMain] o.s.b.w.embedded.tomcat.TomcatWebServer  : Tomcat initialized with port 8080 (http)
2025-03-21T10:10:09.167+09:00  INFO 6404 --- [ch10] [restartedMain] o.apache.catalina.core.StandardService   : Starting service [Tomcat]
2025-03-21T10:10:09.167+09:00  INFO 6404 --- [ch10] [restartedMain] o.apache.catalina.core.StandardEngine    : Starting Servlet engine: [Apache Tomcat/10.1.36]
2025-03-21T10:10:09.183+09:00  INFO 6404 --- [ch10] [restartedMain] o.a.c.c.C.[Tomcat].[localhost].[/ch10]   : Initializing Spring embedded WebApplicationContext
2025-03-21T10:10:09.184+09:00  INFO 6404 --- [ch10] [restartedMain] w.s.c.ServletWebServerApplicationContext : Root WebApplicationContext: initialization completed in 246 ms
2025-03-21T10:10:09.207+09:00  INFO 6404 --- [ch10] [restartedMain] o.hibernate.jpa.internal.util.LogHelper  : HHH000204: Processing PersistenceUnitInfo [name: default]
2025-03-21T10:10:09.211+09:00  INFO 6404 --- [ch10] [restartedMain] o.h.c.internal.RegionFactoryInitiator    : HHH000026: Second-level cache disabled
2025-03-21T10:10:09.219+09:00  INFO 6404 --- [ch10] [restartedMain] o.s.o.j.p.SpringPersistenceUnitInfo      : No LoadTimeWeaver setup: ignoring JPA class transformer
2025-03-21T10:10:09.220+09:00  INFO 6404 --- [ch10] [restartedMain] com.zaxxer.hikari.HikariDataSource       : HikariPool-3 - Starting...
2025-03-21T10:10:09.230+09:00  INFO 6404 --- [ch10] [restartedMain] com.zaxxer.hikari.pool.HikariPool        : HikariPool-3 - Added connection com.mysql.cj.jdbc.ConnectionImpl@34ac2c37
2025-03-21T10:10:09.230+09:00  INFO 6404 --- [ch10] [restartedMain] com.zaxxer.hikari.HikariDataSource       : HikariPool-3 - Start completed.
2025-03-21T10:10:09.231+09:00  WARN 6404 --- [ch10] [restartedMain] org.hibernate.orm.deprecation            : HHH90000025: MySQLDialect does not need to be specified explicitly using 'hibernate.dialect' (remove the property setting and it will be selected by default)
2025-03-21T10:10:09.231+09:00  INFO 6404 --- [ch10] [restartedMain] org.hibernate.orm.connections.pooling    : HHH10001005: Database info:
	Database JDBC URL [Connecting through datasource 'HikariDataSource (HikariPool-3)']
	Database driver: undefined/unknown
	Database version: 8.4.3
	Autocommit mode: undefined/unknown
	Isolation level: undefined/unknown
	Minimum pool size: undefined/unknown
	Maximum pool size: undefined/unknown
2025-03-21T10:10:09.246+09:00  INFO 6404 --- [ch10] [restartedMain] o.h.e.t.j.p.i.JtaPlatformInitiator       : HHH000489: No JTA platform available (set 'hibernate.transaction.jta.platform' to enable JTA platform integration)
2025-03-21T10:10:09.247+09:00  INFO 6404 --- [ch10] [restartedMain] j.LocalContainerEntityManagerFactoryBean : Initialized JPA EntityManagerFactory for persistence unit 'default'
2025-03-21T10:10:09.259+09:00  WARN 6404 --- [ch10] [restartedMain] JpaBaseConfiguration$JpaWebConfiguration : spring.jpa.open-in-view is enabled by default. Therefore, database queries may be performed during view rendering. Explicitly configure spring.jpa.open-in-view to disable this warning
2025-03-21T10:10:09.265+09:00  INFO 6404 --- [ch10] [restartedMain] o.s.b.a.w.s.WelcomePageHandlerMapping    : Adding welcome page template: index
2025-03-21T10:10:09.330+09:00  WARN 6404 --- [ch10] [restartedMain] .s.s.UserDetailsServiceAutoConfiguration : 

Using generated security password: 78304db6-b231-49d0-9426-6ffcebd61823

This generated password is for development use only. Your security configuration must be updated before running your application in production.

2025-03-21T10:10:09.340+09:00  INFO 6404 --- [ch10] [restartedMain] r$InitializeUserDetailsManagerConfigurer : Global AuthenticationManager configured with UserDetailsService bean with name inMemoryUserDetailsManager
2025-03-21T10:10:09.365+09:00  INFO 6404 --- [ch10] [restartedMain] o.s.b.d.a.OptionalLiveReloadServer       : LiveReload server is running on port 35729
2025-03-21T10:10:09.372+09:00  INFO 6404 --- [ch10] [restartedMain] o.s.b.w.embedded.tomcat.TomcatWebServer  : Tomcat started on port 8080 (http) with context path '/ch10'
2025-03-21T10:10:09.375+09:00  INFO 6404 --- [ch10] [restartedMain] kr.co.ch10.Ch10Application               : Started Ch10Application in 0.471 seconds (process running for 676.611)
2025-03-21T10:10:09.378+09:00  INFO 6404 --- [ch10] [restartedMain] .ConditionEvaluationDeltaLoggingListener : Condition evaluation delta:


==========================
CONDITION EVALUATION DELTA
==========================


Positive matches:
-----------------

   SpringBootWebSecurityConfiguration.SecurityFilterChainConfiguration matched:
      - AllNestedConditions 2 matched 0 did not; NestedCondition on DefaultWebSecurityCondition.Beans @ConditionalOnMissingBean (types: org.springframework.security.web.SecurityFilterChain; SearchStrategy: all) did not find any beans; NestedCondition on DefaultWebSecurityCondition.Classes @ConditionalOnClass found required classes 'org.springframework.security.web.SecurityFilterChain', 'org.springframework.security.config.annotation.web.builders.HttpSecurity' (DefaultWebSecurityCondition)

   UserDetailsServiceAutoConfiguration matched:
      - @ConditionalOnClass found required class 'org.springframework.security.authentication.AuthenticationManager' (OnClassCondition)
      - found 'session' scope (OnWebApplicationCondition)
      - AnyNestedCondition 1 matched 2 did not; NestedCondition on UserDetailsServiceAutoConfiguration.MissingAlternativeOrUserPropertiesConfigured.PasswordConfigured @ConditionalOnProperty (spring.security.user.password) did not find property 'password'; NestedCondition on UserDetailsServiceAutoConfiguration.MissingAlternativeOrUserPropertiesConfigured.NameConfigured @ConditionalOnProperty (spring.security.user.name) did not find property 'name'; NestedCondition on UserDetailsServiceAutoConfiguration.MissingAlternativeOrUserPropertiesConfigured.MissingAlternative @ConditionalOnMissingClass did not find unwanted classes 'org.springframework.security.oauth2.client.registration.ClientRegistrationRepository', 'org.springframework.security.oauth2.server.resource.introspection.OpaqueTokenIntrospector', 'org.springframework.security.saml2.provider.service.registration.RelyingPartyRegistrationRepository' (UserDetailsServiceAutoConfiguration.MissingAlternativeOrUserPropertiesConfigured)
      - @ConditionalOnBean (types: org.springframework.security.config.ObjectPostProcessor; SearchStrategy: all) found beans 'objectPostProcessor', 'webAuthorizationManagerPostProcessor', 'filterChainDecoratorPostProcessor', 'authenticationManagerPostProcessor'; @ConditionalOnMissingBean (types: org.springframework.security.authentication.AuthenticationManager,org.springframework.security.authentication.AuthenticationProvider,org.springframework.security.core.userdetails.UserDetailsService,org.springframework.security.authentication.AuthenticationManagerResolver,org.springframework.security.oauth2.jwt.JwtDecoder; SearchStrategy: all) did not find any beans (OnBeanCondition)


Negative matches:
-----------------

    None


Exclusions:
-----------

    None


Unconditional classes:
----------------------

    None



2025-03-21T10:10:13.821+09:00  INFO 6404 --- [ch10] [File Watcher] rtingClassPathChangeChangedEventListener : Restarting due to 1 class path change (0 additions, 1 deletion, 0 modifications)
2025-03-21T10:10:13.822+09:00  INFO 6404 --- [ch10] [Thread-11] o.s.b.w.e.tomcat.GracefulShutdown        : Commencing graceful shutdown. Waiting for active requests to complete
2025-03-21T10:10:13.913+09:00  INFO 6404 --- [ch10] [tomcat-shutdown] o.s.b.w.e.tomcat.GracefulShutdown        : Graceful shutdown complete
2025-03-21T10:10:13.915+09:00  INFO 6404 --- [ch10] [Thread-11] j.LocalContainerEntityManagerFactoryBean : Closing JPA EntityManagerFactory for persistence unit 'default'
2025-03-21T10:10:13.916+09:00  INFO 6404 --- [ch10] [Thread-11] com.zaxxer.hikari.HikariDataSource       : HikariPool-3 - Shutdown initiated...
2025-03-21T10:10:13.921+09:00  INFO 6404 --- [ch10] [Thread-11] com.zaxxer.hikari.HikariDataSource       : HikariPool-3 - Shutdown completed.
2025-03-21T10:10:13.996+09:00  INFO 6404 --- [ch10] [restartedMain] kr.co.ch10.Ch10Application               : Starting Ch10Application using Java 17.0.12 with PID 6404 (C:\Users\lotte6\Desktop\workspace\Spring\ch10\build\classes\java\main started by lotte6 in C:\Users\lotte6\Desktop\workspace\Spring\ch10)
2025-03-21T10:10:13.996+09:00  INFO 6404 --- [ch10] [restartedMain] kr.co.ch10.Ch10Application               : No active profile set, falling back to 1 default profile: "default"
2025-03-21T10:10:14.171+09:00  INFO 6404 --- [ch10] [restartedMain] .s.d.r.c.RepositoryConfigurationDelegate : Bootstrapping Spring Data JPA repositories in DEFAULT mode.
2025-03-21T10:10:14.172+09:00  INFO 6404 --- [ch10] [restartedMain] .s.d.r.c.RepositoryConfigurationDelegate : Finished Spring Data repository scanning in 0 ms. Found 0 JPA repository interfaces.
2025-03-21T10:10:14.242+09:00  INFO 6404 --- [ch10] [restartedMain] o.s.b.w.embedded.tomcat.TomcatWebServer  : Tomcat initialized with port 8080 (http)
2025-03-21T10:10:14.242+09:00  INFO 6404 --- [ch10] [restartedMain] o.apache.catalina.core.StandardService   : Starting service [Tomcat]
2025-03-21T10:10:14.243+09:00  INFO 6404 --- [ch10] [restartedMain] o.apache.catalina.core.StandardEngine    : Starting Servlet engine: [Apache Tomcat/10.1.36]
2025-03-21T10:10:14.260+09:00  INFO 6404 --- [ch10] [restartedMain] o.a.c.c.C.[Tomcat].[localhost].[/ch10]   : Initializing Spring embedded WebApplicationContext
2025-03-21T10:10:14.261+09:00  INFO 6404 --- [ch10] [restartedMain] w.s.c.ServletWebServerApplicationContext : Root WebApplicationContext: initialization completed in 263 ms
2025-03-21T10:10:14.285+09:00  INFO 6404 --- [ch10] [restartedMain] o.hibernate.jpa.internal.util.LogHelper  : HHH000204: Processing PersistenceUnitInfo [name: default]
2025-03-21T10:10:14.292+09:00  INFO 6404 --- [ch10] [restartedMain] o.h.c.internal.RegionFactoryInitiator    : HHH000026: Second-level cache disabled
2025-03-21T10:10:14.304+09:00  INFO 6404 --- [ch10] [restartedMain] o.s.o.j.p.SpringPersistenceUnitInfo      : No LoadTimeWeaver setup: ignoring JPA class transformer
2025-03-21T10:10:14.308+09:00  INFO 6404 --- [ch10] [restartedMain] com.zaxxer.hikari.HikariDataSource       : HikariPool-4 - Starting...
2025-03-21T10:10:14.319+09:00  INFO 6404 --- [ch10] [restartedMain] com.zaxxer.hikari.pool.HikariPool        : HikariPool-4 - Added connection com.mysql.cj.jdbc.ConnectionImpl@451b6c39
2025-03-21T10:10:14.320+09:00  INFO 6404 --- [ch10] [restartedMain] com.zaxxer.hikari.HikariDataSource       : HikariPool-4 - Start completed.
2025-03-21T10:10:14.322+09:00  WARN 6404 --- [ch10] [restartedMain] org.hibernate.orm.deprecation            : HHH90000025: MySQLDialect does not need to be specified explicitly using 'hibernate.dialect' (remove the property setting and it will be selected by default)
2025-03-21T10:10:14.322+09:00  INFO 6404 --- [ch10] [restartedMain] org.hibernate.orm.connections.pooling    : HHH10001005: Database info:
	Database JDBC URL [Connecting through datasource 'HikariDataSource (HikariPool-4)']
	Database driver: undefined/unknown
	Database version: 8.4.3
	Autocommit mode: undefined/unknown
	Isolation level: undefined/unknown
	Minimum pool size: undefined/unknown
	Maximum pool size: undefined/unknown
2025-03-21T10:10:14.354+09:00  INFO 6404 --- [ch10] [restartedMain] o.h.e.t.j.p.i.JtaPlatformInitiator       : HHH000489: No JTA platform available (set 'hibernate.transaction.jta.platform' to enable JTA platform integration)
2025-03-21T10:10:14.354+09:00  INFO 6404 --- [ch10] [restartedMain] j.LocalContainerEntityManagerFactoryBean : Initialized JPA EntityManagerFactory for persistence unit 'default'
2025-03-21T10:10:14.387+09:00  WARN 6404 --- [ch10] [restartedMain] JpaBaseConfiguration$JpaWebConfiguration : spring.jpa.open-in-view is enabled by default. Therefore, database queries may be performed during view rendering. Explicitly configure spring.jpa.open-in-view to disable this warning
2025-03-21T10:10:14.395+09:00  INFO 6404 --- [ch10] [restartedMain] o.s.b.a.w.s.WelcomePageHandlerMapping    : Adding welcome page template: index
2025-03-21T10:10:14.477+09:00  WARN 6404 --- [ch10] [restartedMain] .s.s.UserDetailsServiceAutoConfiguration : 

Using generated security password: d2b1bed9-3db3-4ee9-ac67-4c0baec1ef69

This generated password is for development use only. Your security configuration must be updated before running your application in production.

2025-03-21T10:10:14.478+09:00  INFO 6404 --- [ch10] [restartedMain] r$InitializeUserDetailsManagerConfigurer : Global AuthenticationManager configured with UserDetailsService bean with name inMemoryUserDetailsManager
2025-03-21T10:10:14.498+09:00  INFO 6404 --- [ch10] [restartedMain] o.s.b.d.a.OptionalLiveReloadServer       : LiveReload server is running on port 35729
2025-03-21T10:10:14.506+09:00  INFO 6404 --- [ch10] [restartedMain] o.s.b.w.embedded.tomcat.TomcatWebServer  : Tomcat started on port 8080 (http) with context path '/ch10'
2025-03-21T10:10:14.510+09:00  INFO 6404 --- [ch10] [restartedMain] kr.co.ch10.Ch10Application               : Started Ch10Application in 0.542 seconds (process running for 681.746)
2025-03-21T10:10:14.511+09:00  INFO 6404 --- [ch10] [restartedMain] .ConditionEvaluationDeltaLoggingListener : Condition evaluation unchanged
2025-03-21T10:10:35.189+09:00  INFO 6404 --- [ch10] [File Watcher] rtingClassPathChangeChangedEventListener : Restarting due to 13 class path changes (11 additions, 0 deletions, 2 modifications)
2025-03-21T10:10:35.190+09:00  INFO 6404 --- [ch10] [Thread-15] o.s.b.w.e.tomcat.GracefulShutdown        : Commencing graceful shutdown. Waiting for active requests to complete
2025-03-21T10:10:35.263+09:00  INFO 6404 --- [ch10] [tomcat-shutdown] o.s.b.w.e.tomcat.GracefulShutdown        : Graceful shutdown complete
2025-03-21T10:10:35.265+09:00  INFO 6404 --- [ch10] [Thread-15] j.LocalContainerEntityManagerFactoryBean : Closing JPA EntityManagerFactory for persistence unit 'default'
2025-03-21T10:10:35.265+09:00  INFO 6404 --- [ch10] [Thread-15] com.zaxxer.hikari.HikariDataSource       : HikariPool-4 - Shutdown initiated...
2025-03-21T10:10:35.268+09:00  INFO 6404 --- [ch10] [Thread-15] com.zaxxer.hikari.HikariDataSource       : HikariPool-4 - Shutdown completed.
2025-03-21T10:10:35.326+09:00  INFO 6404 --- [ch10] [restartedMain] kr.co.ch10.Ch10Application               : Starting Ch10Application using Java 17.0.12 with PID 6404 (C:\Users\lotte6\Desktop\workspace\Spring\ch10\build\classes\java\main started by lotte6 in C:\Users\lotte6\Desktop\workspace\Spring\ch10)
2025-03-21T10:10:35.326+09:00  INFO 6404 --- [ch10] [restartedMain] kr.co.ch10.Ch10Application               : No active profile set, falling back to 1 default profile: "default"
2025-03-21T10:10:35.482+09:00  INFO 6404 --- [ch10] [restartedMain] .s.d.r.c.RepositoryConfigurationDelegate : Bootstrapping Spring Data JPA repositories in DEFAULT mode.
2025-03-21T10:10:35.490+09:00  INFO 6404 --- [ch10] [restartedMain] .s.d.r.c.RepositoryConfigurationDelegate : Finished Spring Data repository scanning in 6 ms. Found 1 JPA repository interface.
2025-03-21T10:10:35.572+09:00  INFO 6404 --- [ch10] [restartedMain] o.s.b.w.embedded.tomcat.TomcatWebServer  : Tomcat initialized with port 8080 (http)
2025-03-21T10:10:35.572+09:00  INFO 6404 --- [ch10] [restartedMain] o.apache.catalina.core.StandardService   : Starting service [Tomcat]
2025-03-21T10:10:35.572+09:00  INFO 6404 --- [ch10] [restartedMain] o.apache.catalina.core.StandardEngine    : Starting Servlet engine: [Apache Tomcat/10.1.36]
2025-03-21T10:10:35.589+09:00  INFO 6404 --- [ch10] [restartedMain] o.a.c.c.C.[Tomcat].[localhost].[/ch10]   : Initializing Spring embedded WebApplicationContext
2025-03-21T10:10:35.590+09:00  INFO 6404 --- [ch10] [restartedMain] w.s.c.ServletWebServerApplicationContext : Root WebApplicationContext: initialization completed in 263 ms
2025-03-21T10:10:35.624+09:00  INFO 6404 --- [ch10] [restartedMain] o.hibernate.jpa.internal.util.LogHelper  : HHH000204: Processing PersistenceUnitInfo [name: default]
2025-03-21T10:10:35.627+09:00  INFO 6404 --- [ch10] [restartedMain] o.h.c.internal.RegionFactoryInitiator    : HHH000026: Second-level cache disabled
2025-03-21T10:10:35.635+09:00  INFO 6404 --- [ch10] [restartedMain] o.s.o.j.p.SpringPersistenceUnitInfo      : No LoadTimeWeaver setup: ignoring JPA class transformer
2025-03-21T10:10:35.636+09:00  INFO 6404 --- [ch10] [restartedMain] com.zaxxer.hikari.HikariDataSource       : HikariPool-5 - Starting...
2025-03-21T10:10:35.644+09:00  INFO 6404 --- [ch10] [restartedMain] com.zaxxer.hikari.pool.HikariPool        : HikariPool-5 - Added connection com.mysql.cj.jdbc.ConnectionImpl@3b86baf2
2025-03-21T10:10:35.645+09:00  INFO 6404 --- [ch10] [restartedMain] com.zaxxer.hikari.HikariDataSource       : HikariPool-5 - Start completed.
2025-03-21T10:10:35.646+09:00  WARN 6404 --- [ch10] [restartedMain] org.hibernate.orm.deprecation            : HHH90000025: MySQLDialect does not need to be specified explicitly using 'hibernate.dialect' (remove the property setting and it will be selected by default)
2025-03-21T10:10:35.646+09:00  INFO 6404 --- [ch10] [restartedMain] org.hibernate.orm.connections.pooling    : HHH10001005: Database info:
	Database JDBC URL [Connecting through datasource 'HikariDataSource (HikariPool-5)']
	Database driver: undefined/unknown
	Database version: 8.4.3
	Autocommit mode: undefined/unknown
	Isolation level: undefined/unknown
	Minimum pool size: undefined/unknown
	Maximum pool size: undefined/unknown
2025-03-21T10:10:35.672+09:00  INFO 6404 --- [ch10] [restartedMain] o.h.e.t.j.p.i.JtaPlatformInitiator       : HHH000489: No JTA platform available (set 'hibernate.transaction.jta.platform' to enable JTA platform integration)
2025-03-21T10:10:35.681+09:00  INFO 6404 --- [ch10] [restartedMain] j.LocalContainerEntityManagerFactoryBean : Initialized JPA EntityManagerFactory for persistence unit 'default'
2025-03-21T10:10:35.741+09:00  WARN 6404 --- [ch10] [restartedMain] JpaBaseConfiguration$JpaWebConfiguration : spring.jpa.open-in-view is enabled by default. Therefore, database queries may be performed during view rendering. Explicitly configure spring.jpa.open-in-view to disable this warning
2025-03-21T10:10:35.753+09:00  INFO 6404 --- [ch10] [restartedMain] r$InitializeUserDetailsManagerConfigurer : Global AuthenticationManager configured with UserDetailsService bean with name myUserDetailsService
2025-03-21T10:10:35.765+09:00  INFO 6404 --- [ch10] [restartedMain] o.s.b.a.w.s.WelcomePageHandlerMapping    : Adding welcome page template: index
2025-03-21T10:10:35.995+09:00  INFO 6404 --- [ch10] [restartedMain] o.s.b.d.a.OptionalLiveReloadServer       : LiveReload server is running on port 35729
2025-03-21T10:10:36.004+09:00  INFO 6404 --- [ch10] [restartedMain] o.s.b.w.embedded.tomcat.TomcatWebServer  : Tomcat started on port 8080 (http) with context path '/ch10'
2025-03-21T10:10:36.007+09:00  INFO 6404 --- [ch10] [restartedMain] kr.co.ch10.Ch10Application               : Started Ch10Application in 0.703 seconds (process running for 703.244)
2025-03-21T10:10:36.008+09:00  INFO 6404 --- [ch10] [restartedMain] .ConditionEvaluationDeltaLoggingListener : Condition evaluation delta:


==========================
CONDITION EVALUATION DELTA
==========================


Positive matches:
-----------------

    None


Negative matches:
-----------------

   SpringBootWebSecurityConfiguration.SecurityFilterChainConfiguration:
      Did not match:
         - AllNestedConditions 1 matched 1 did not; NestedCondition on DefaultWebSecurityCondition.Beans @ConditionalOnMissingBean (types: org.springframework.security.web.SecurityFilterChain; SearchStrategy: all) found beans of type 'org.springframework.security.web.SecurityFilterChain' configure; NestedCondition on DefaultWebSecurityCondition.Classes @ConditionalOnClass found required classes 'org.springframework.security.web.SecurityFilterChain', 'org.springframework.security.config.annotation.web.builders.HttpSecurity' (DefaultWebSecurityCondition)

   UserDetailsServiceAutoConfiguration:
      Did not match:
         - @ConditionalOnMissingBean (types: org.springframework.security.authentication.AuthenticationManager,org.springframework.security.authentication.AuthenticationProvider,org.springframework.security.core.userdetails.UserDetailsService,org.springframework.security.authentication.AuthenticationManagerResolver,org.springframework.security.oauth2.jwt.JwtDecoder; SearchStrategy: all) found beans of type 'org.springframework.security.core.userdetails.UserDetailsService' myUserDetailsService (OnBeanCondition)
      Matched:
         - @ConditionalOnClass found required class 'org.springframework.security.authentication.AuthenticationManager' (OnClassCondition)
         - found 'session' scope (OnWebApplicationCondition)
         - AnyNestedCondition 1 matched 2 did not; NestedCondition on UserDetailsServiceAutoConfiguration.MissingAlternativeOrUserPropertiesConfigured.PasswordConfigured @ConditionalOnProperty (spring.security.user.password) did not find property 'password'; NestedCondition on UserDetailsServiceAutoConfiguration.MissingAlternativeOrUserPropertiesConfigured.NameConfigured @ConditionalOnProperty (spring.security.user.name) did not find property 'name'; NestedCondition on UserDetailsServiceAutoConfiguration.MissingAlternativeOrUserPropertiesConfigured.MissingAlternative @ConditionalOnMissingClass did not find unwanted classes 'org.springframework.security.oauth2.client.registration.ClientRegistrationRepository', 'org.springframework.security.oauth2.server.resource.introspection.OpaqueTokenIntrospector', 'org.springframework.security.saml2.provider.service.registration.RelyingPartyRegistrationRepository' (UserDetailsServiceAutoConfiguration.MissingAlternativeOrUserPropertiesConfigured)


Exclusions:
-----------

    None


Unconditional classes:
----------------------

    None



2025-03-21T10:16:32.269+09:00  INFO 6404 --- [ch10] [File Watcher] rtingClassPathChangeChangedEventListener : Restarting due to 3 class path changes (1 addition, 0 deletions, 2 modifications)
2025-03-21T10:16:32.270+09:00  INFO 6404 --- [ch10] [Thread-19] o.s.b.w.e.tomcat.GracefulShutdown        : Commencing graceful shutdown. Waiting for active requests to complete
2025-03-21T10:16:32.346+09:00  INFO 6404 --- [ch10] [tomcat-shutdown] o.s.b.w.e.tomcat.GracefulShutdown        : Graceful shutdown complete
2025-03-21T10:16:32.348+09:00  INFO 6404 --- [ch10] [Thread-19] j.LocalContainerEntityManagerFactoryBean : Closing JPA EntityManagerFactory for persistence unit 'default'
2025-03-21T10:16:32.349+09:00  INFO 6404 --- [ch10] [Thread-19] com.zaxxer.hikari.HikariDataSource       : HikariPool-5 - Shutdown initiated...
2025-03-21T10:16:32.353+09:00  INFO 6404 --- [ch10] [Thread-19] com.zaxxer.hikari.HikariDataSource       : HikariPool-5 - Shutdown completed.
2025-03-21T10:16:32.410+09:00  INFO 6404 --- [ch10] [restartedMain] kr.co.ch10.Ch10Application               : Starting Ch10Application using Java 17.0.12 with PID 6404 (C:\Users\lotte6\Desktop\workspace\Spring\ch10\build\classes\java\main started by lotte6 in C:\Users\lotte6\Desktop\workspace\Spring\ch10)
2025-03-21T10:16:32.410+09:00  INFO 6404 --- [ch10] [restartedMain] kr.co.ch10.Ch10Application               : No active profile set, falling back to 1 default profile: "default"
2025-03-21T10:16:32.571+09:00  INFO 6404 --- [ch10] [restartedMain] .s.d.r.c.RepositoryConfigurationDelegate : Bootstrapping Spring Data JPA repositories in DEFAULT mode.
2025-03-21T10:16:32.577+09:00  INFO 6404 --- [ch10] [restartedMain] .s.d.r.c.RepositoryConfigurationDelegate : Finished Spring Data repository scanning in 5 ms. Found 1 JPA repository interface.
2025-03-21T10:16:32.671+09:00  INFO 6404 --- [ch10] [restartedMain] o.s.b.w.embedded.tomcat.TomcatWebServer  : Tomcat initialized with port 8080 (http)
2025-03-21T10:16:32.671+09:00  INFO 6404 --- [ch10] [restartedMain] o.apache.catalina.core.StandardService   : Starting service [Tomcat]
2025-03-21T10:16:32.671+09:00  INFO 6404 --- [ch10] [restartedMain] o.apache.catalina.core.StandardEngine    : Starting Servlet engine: [Apache Tomcat/10.1.36]
2025-03-21T10:16:32.690+09:00  INFO 6404 --- [ch10] [restartedMain] o.a.c.c.C.[Tomcat].[localhost].[/ch10]   : Initializing Spring embedded WebApplicationContext
2025-03-21T10:16:32.690+09:00  INFO 6404 --- [ch10] [restartedMain] w.s.c.ServletWebServerApplicationContext : Root WebApplicationContext: initialization completed in 279 ms
2025-03-21T10:16:32.726+09:00  INFO 6404 --- [ch10] [restartedMain] o.hibernate.jpa.internal.util.LogHelper  : HHH000204: Processing PersistenceUnitInfo [name: default]
2025-03-21T10:16:32.729+09:00  INFO 6404 --- [ch10] [restartedMain] o.h.c.internal.RegionFactoryInitiator    : HHH000026: Second-level cache disabled
2025-03-21T10:16:32.737+09:00  INFO 6404 --- [ch10] [restartedMain] o.s.o.j.p.SpringPersistenceUnitInfo      : No LoadTimeWeaver setup: ignoring JPA class transformer
2025-03-21T10:16:32.738+09:00  INFO 6404 --- [ch10] [restartedMain] com.zaxxer.hikari.HikariDataSource       : HikariPool-6 - Starting...
2025-03-21T10:16:32.748+09:00  INFO 6404 --- [ch10] [restartedMain] com.zaxxer.hikari.pool.HikariPool        : HikariPool-6 - Added connection com.mysql.cj.jdbc.ConnectionImpl@16d3b2bb
2025-03-21T10:16:32.749+09:00  INFO 6404 --- [ch10] [restartedMain] com.zaxxer.hikari.HikariDataSource       : HikariPool-6 - Start completed.
2025-03-21T10:16:32.750+09:00  WARN 6404 --- [ch10] [restartedMain] org.hibernate.orm.deprecation            : HHH90000025: MySQLDialect does not need to be specified explicitly using 'hibernate.dialect' (remove the property setting and it will be selected by default)
2025-03-21T10:16:32.750+09:00  INFO 6404 --- [ch10] [restartedMain] org.hibernate.orm.connections.pooling    : HHH10001005: Database info:
	Database JDBC URL [Connecting through datasource 'HikariDataSource (HikariPool-6)']
	Database driver: undefined/unknown
	Database version: 8.4.3
	Autocommit mode: undefined/unknown
	Isolation level: undefined/unknown
	Minimum pool size: undefined/unknown
	Maximum pool size: undefined/unknown
2025-03-21T10:16:32.775+09:00  INFO 6404 --- [ch10] [restartedMain] o.h.e.t.j.p.i.JtaPlatformInitiator       : HHH000489: No JTA platform available (set 'hibernate.transaction.jta.platform' to enable JTA platform integration)
2025-03-21T10:16:32.784+09:00  INFO 6404 --- [ch10] [restartedMain] j.LocalContainerEntityManagerFactoryBean : Initialized JPA EntityManagerFactory for persistence unit 'default'
2025-03-21T10:16:32.800+09:00  WARN 6404 --- [ch10] [restartedMain] ConfigServletWebServerApplicationContext : Exception encountered during context initialization - cancelling refresh attempt: org.springframework.beans.factory.BeanCreationException: Error creating bean with name 'jwtProvider' defined in file [C:\Users\lotte6\Desktop\workspace\Spring\ch10\build\classes\java\main\kr\co\ch10\jwt\JwtProvider.class]: Failed to instantiate [kr.co.ch10.jwt.JwtProvider]: Constructor threw exception
2025-03-21T10:16:32.800+09:00  INFO 6404 --- [ch10] [restartedMain] j.LocalContainerEntityManagerFactoryBean : Closing JPA EntityManagerFactory for persistence unit 'default'
2025-03-21T10:16:32.801+09:00  INFO 6404 --- [ch10] [restartedMain] com.zaxxer.hikari.HikariDataSource       : HikariPool-6 - Shutdown initiated...
2025-03-21T10:16:32.801+09:00  INFO 6404 --- [ch10] [restartedMain] com.zaxxer.hikari.HikariDataSource       : HikariPool-6 - Shutdown completed.
2025-03-21T10:16:32.802+09:00  INFO 6404 --- [ch10] [restartedMain] o.apache.catalina.core.StandardService   : Stopping service [Tomcat]
2025-03-21T10:16:32.806+09:00  INFO 6404 --- [ch10] [restartedMain] .s.b.a.l.ConditionEvaluationReportLogger : 

Error starting ApplicationContext. To display the condition evaluation report re-run your application with 'debug' enabled.
2025-03-21T10:16:32.824+09:00 ERROR 6404 --- [ch10] [restartedMain] o.s.boot.SpringApplication               : Application run failed

org.springframework.beans.factory.BeanCreationException: Error creating bean with name 'jwtProvider' defined in file [C:\Users\lotte6\Desktop\workspace\Spring\ch10\build\classes\java\main\kr\co\ch10\jwt\JwtProvider.class]: Failed to instantiate [kr.co.ch10.jwt.JwtProvider]: Constructor threw exception
	at org.springframework.beans.factory.support.ConstructorResolver.instantiate(ConstructorResolver.java:321) ~[spring-beans-6.2.3.jar:6.2.3]
	at org.springframework.beans.factory.support.ConstructorResolver.autowireConstructor(ConstructorResolver.java:309) ~[spring-beans-6.2.3.jar:6.2.3]
	at org.springframework.beans.factory.support.AbstractAutowireCapableBeanFactory.autowireConstructor(AbstractAutowireCapableBeanFactory.java:1381) ~[spring-beans-6.2.3.jar:6.2.3]
	at org.springframework.beans.factory.support.AbstractAutowireCapableBeanFactory.createBeanInstance(AbstractAutowireCapableBeanFactory.java:1218) ~[spring-beans-6.2.3.jar:6.2.3]
	at org.springframework.beans.factory.support.AbstractAutowireCapableBeanFactory.doCreateBean(AbstractAutowireCapableBeanFactory.java:563) ~[spring-beans-6.2.3.jar:6.2.3]
	at org.springframework.beans.factory.support.AbstractAutowireCapableBeanFactory.createBean(AbstractAutowireCapableBeanFactory.java:523) ~[spring-beans-6.2.3.jar:6.2.3]
	at org.springframework.beans.factory.support.AbstractBeanFactory.lambda$doGetBean$0(AbstractBeanFactory.java:339) ~[spring-beans-6.2.3.jar:6.2.3]
	at org.springframework.beans.factory.support.DefaultSingletonBeanRegistry.getSingleton(DefaultSingletonBeanRegistry.java:346) ~[spring-beans-6.2.3.jar:6.2.3]
	at org.springframework.beans.factory.support.AbstractBeanFactory.doGetBean(AbstractBeanFactory.java:337) ~[spring-beans-6.2.3.jar:6.2.3]
	at org.springframework.beans.factory.support.AbstractBeanFactory.getBean(AbstractBeanFactory.java:202) ~[spring-beans-6.2.3.jar:6.2.3]
	at org.springframework.beans.factory.support.DefaultListableBeanFactory.instantiateSingleton(DefaultListableBeanFactory.java:1155) ~[spring-beans-6.2.3.jar:6.2.3]
	at org.springframework.beans.factory.support.DefaultListableBeanFactory.preInstantiateSingleton(DefaultListableBeanFactory.java:1121) ~[spring-beans-6.2.3.jar:6.2.3]
	at org.springframework.beans.factory.support.DefaultListableBeanFactory.preInstantiateSingletons(DefaultListableBeanFactory.java:1056) ~[spring-beans-6.2.3.jar:6.2.3]
	at org.springframework.context.support.AbstractApplicationContext.finishBeanFactoryInitialization(AbstractApplicationContext.java:987) ~[spring-context-6.2.3.jar:6.2.3]
	at org.springframework.context.support.AbstractApplicationContext.refresh(AbstractApplicationContext.java:627) ~[spring-context-6.2.3.jar:6.2.3]
	at org.springframework.boot.web.servlet.context.ServletWebServerApplicationContext.refresh(ServletWebServerApplicationContext.java:146) ~[spring-boot-3.4.3.jar:3.4.3]
	at org.springframework.boot.SpringApplication.refresh(SpringApplication.java:752) ~[spring-boot-3.4.3.jar:3.4.3]
	at org.springframework.boot.SpringApplication.refreshContext(SpringApplication.java:439) ~[spring-boot-3.4.3.jar:3.4.3]
	at org.springframework.boot.SpringApplication.run(SpringApplication.java:318) ~[spring-boot-3.4.3.jar:3.4.3]
	at org.springframework.boot.SpringApplication.run(SpringApplication.java:1361) ~[spring-boot-3.4.3.jar:3.4.3]
	at org.springframework.boot.SpringApplication.run(SpringApplication.java:1350) ~[spring-boot-3.4.3.jar:3.4.3]
	at kr.co.ch10.Ch10Application.main(Ch10Application.java:10) ~[main/:na]
	at java.base/jdk.internal.reflect.NativeMethodAccessorImpl.invoke0(Native Method) ~[na:na]
	at java.base/jdk.internal.reflect.NativeMethodAccessorImpl.invoke(NativeMethodAccessorImpl.java:77) ~[na:na]
	at java.base/jdk.internal.reflect.DelegatingMethodAccessorImpl.invoke(DelegatingMethodAccessorImpl.java:43) ~[na:na]
	at java.base/java.lang.reflect.Method.invoke(Method.java:568) ~[na:na]
	at org.springframework.boot.devtools.restart.RestartLauncher.run(RestartLauncher.java:50) ~[spring-boot-devtools-3.4.3.jar:3.4.3]
Caused by: org.springframework.beans.BeanInstantiationException: Failed to instantiate [kr.co.ch10.jwt.JwtProvider]: Constructor threw exception
	at org.springframework.beans.BeanUtils.instantiateClass(BeanUtils.java:222) ~[spring-beans-6.2.3.jar:6.2.3]
	at org.springframework.beans.factory.support.SimpleInstantiationStrategy.instantiate(SimpleInstantiationStrategy.java:145) ~[spring-beans-6.2.3.jar:6.2.3]
	at org.springframework.beans.factory.support.ConstructorResolver.instantiate(ConstructorResolver.java:318) ~[spring-beans-6.2.3.jar:6.2.3]
	... 26 common frames omitted
Caused by: io.jsonwebtoken.security.WeakKeyException: The specified key byte array is 0 bits which is not secure enough for any JWT HMAC-SHA algorithm.  The JWT JWA Specification (RFC 7518, Section 3.2) states that keys used with HMAC-SHA algorithms MUST have a size >= 256 bits (the key size must be greater than or equal to the hash output size).  Consider using the Jwts.SIG.HS256.key() builder (or HS384.key() or HS512.key()) to create a key guaranteed to be secure enough for your preferred HMAC-SHA algorithm.  See https://tools.ietf.org/html/rfc7518#section-3.2 for more information.
	at io.jsonwebtoken.security.Keys.hmacShaKeyFor(Keys.java:83) ~[jjwt-api-0.12.6.jar:0.12.6]
	at kr.co.ch10.jwt.JwtProvider.<init>(JwtProvider.java:31) ~[main/:na]
	at java.base/jdk.internal.reflect.NativeConstructorAccessorImpl.newInstance0(Native Method) ~[na:na]
	at java.base/jdk.internal.reflect.NativeConstructorAccessorImpl.newInstance(NativeConstructorAccessorImpl.java:77) ~[na:na]
	at java.base/jdk.internal.reflect.DelegatingConstructorAccessorImpl.newInstance(DelegatingConstructorAccessorImpl.java:45) ~[na:na]
	at java.base/java.lang.reflect.Constructor.newInstanceWithCaller(Constructor.java:499) ~[na:na]
	at java.base/java.lang.reflect.Constructor.newInstance(Constructor.java:480) ~[na:na]
	at org.springframework.beans.BeanUtils.instantiateClass(BeanUtils.java:209) ~[spring-beans-6.2.3.jar:6.2.3]
	... 28 common frames omitted

2025-03-21T10:18:01.448+09:00  INFO 6404 --- [ch10] [restartedMain] kr.co.ch10.Ch10Application               : Starting Ch10Application using Java 17.0.12 with PID 6404 (C:\Users\lotte6\Desktop\workspace\Spring\ch10\build\classes\java\main started by lotte6 in C:\Users\lotte6\Desktop\workspace\Spring\ch10)
2025-03-21T10:18:01.448+09:00  INFO 6404 --- [ch10] [restartedMain] kr.co.ch10.Ch10Application               : No active profile set, falling back to 1 default profile: "default"
2025-03-21T10:18:01.612+09:00  INFO 6404 --- [ch10] [restartedMain] .s.d.r.c.RepositoryConfigurationDelegate : Bootstrapping Spring Data JPA repositories in DEFAULT mode.
2025-03-21T10:18:01.620+09:00  INFO 6404 --- [ch10] [restartedMain] .s.d.r.c.RepositoryConfigurationDelegate : Finished Spring Data repository scanning in 7 ms. Found 1 JPA repository interface.
2025-03-21T10:18:01.705+09:00  INFO 6404 --- [ch10] [restartedMain] o.s.b.w.embedded.tomcat.TomcatWebServer  : Tomcat initialized with port 8080 (http)
2025-03-21T10:18:01.707+09:00  INFO 6404 --- [ch10] [restartedMain] o.apache.catalina.core.StandardService   : Starting service [Tomcat]
2025-03-21T10:18:01.707+09:00  INFO 6404 --- [ch10] [restartedMain] o.apache.catalina.core.StandardEngine    : Starting Servlet engine: [Apache Tomcat/10.1.36]
2025-03-21T10:18:01.723+09:00  INFO 6404 --- [ch10] [restartedMain] o.a.c.c.C.[.[localhost].[/ch10]          : Initializing Spring embedded WebApplicationContext
2025-03-21T10:18:01.723+09:00  INFO 6404 --- [ch10] [restartedMain] w.s.c.ServletWebServerApplicationContext : Root WebApplicationContext: initialization completed in 273 ms
2025-03-21T10:18:01.758+09:00  INFO 6404 --- [ch10] [restartedMain] o.hibernate.jpa.internal.util.LogHelper  : HHH000204: Processing PersistenceUnitInfo [name: default]
2025-03-21T10:18:01.761+09:00  INFO 6404 --- [ch10] [restartedMain] o.h.c.internal.RegionFactoryInitiator    : HHH000026: Second-level cache disabled
2025-03-21T10:18:01.772+09:00  INFO 6404 --- [ch10] [restartedMain] o.s.o.j.p.SpringPersistenceUnitInfo      : No LoadTimeWeaver setup: ignoring JPA class transformer
2025-03-21T10:18:01.772+09:00  INFO 6404 --- [ch10] [restartedMain] com.zaxxer.hikari.HikariDataSource       : HikariPool-7 - Starting...
2025-03-21T10:18:01.783+09:00  INFO 6404 --- [ch10] [restartedMain] com.zaxxer.hikari.pool.HikariPool        : HikariPool-7 - Added connection com.mysql.cj.jdbc.ConnectionImpl@7be993c1
2025-03-21T10:18:01.783+09:00  INFO 6404 --- [ch10] [restartedMain] com.zaxxer.hikari.HikariDataSource       : HikariPool-7 - Start completed.
2025-03-21T10:18:01.784+09:00  WARN 6404 --- [ch10] [restartedMain] org.hibernate.orm.deprecation            : HHH90000025: MySQLDialect does not need to be specified explicitly using 'hibernate.dialect' (remove the property setting and it will be selected by default)
2025-03-21T10:18:01.784+09:00  INFO 6404 --- [ch10] [restartedMain] org.hibernate.orm.connections.pooling    : HHH10001005: Database info:
	Database JDBC URL [Connecting through datasource 'HikariDataSource (HikariPool-7)']
	Database driver: undefined/unknown
	Database version: 8.4.3
	Autocommit mode: undefined/unknown
	Isolation level: undefined/unknown
	Minimum pool size: undefined/unknown
	Maximum pool size: undefined/unknown
2025-03-21T10:18:01.809+09:00  INFO 6404 --- [ch10] [restartedMain] o.h.e.t.j.p.i.JtaPlatformInitiator       : HHH000489: No JTA platform available (set 'hibernate.transaction.jta.platform' to enable JTA platform integration)
2025-03-21T10:18:01.818+09:00  INFO 6404 --- [ch10] [restartedMain] j.LocalContainerEntityManagerFactoryBean : Initialized JPA EntityManagerFactory for persistence unit 'default'
2025-03-21T10:18:01.880+09:00  WARN 6404 --- [ch10] [restartedMain] JpaBaseConfiguration$JpaWebConfiguration : spring.jpa.open-in-view is enabled by default. Therefore, database queries may be performed during view rendering. Explicitly configure spring.jpa.open-in-view to disable this warning
2025-03-21T10:18:01.894+09:00  INFO 6404 --- [ch10] [restartedMain] r$InitializeUserDetailsManagerConfigurer : Global AuthenticationManager configured with UserDetailsService bean with name myUserDetailsService
2025-03-21T10:18:01.907+09:00  INFO 6404 --- [ch10] [restartedMain] o.s.b.a.w.s.WelcomePageHandlerMapping    : Adding welcome page template: index
2025-03-21T10:18:02.143+09:00  INFO 6404 --- [ch10] [restartedMain] o.s.b.d.a.OptionalLiveReloadServer       : LiveReload server is running on port 35729
2025-03-21T10:18:02.152+09:00  INFO 6404 --- [ch10] [restartedMain] o.s.b.w.embedded.tomcat.TomcatWebServer  : Tomcat started on port 8080 (http) with context path '/ch10'
2025-03-21T10:18:02.155+09:00  INFO 6404 --- [ch10] [restartedMain] kr.co.ch10.Ch10Application               : Started Ch10Application in 0.726 seconds (process running for 1149.406)
2025-03-21T10:18:02.156+09:00  INFO 6404 --- [ch10] [restartedMain] .ConditionEvaluationDeltaLoggingListener : Condition evaluation unchanged
2025-03-21T10:46:03.213+09:00  INFO 6404 --- [ch10] [File Watcher] rtingClassPathChangeChangedEventListener : Restarting due to 4 class path changes (2 additions, 0 deletions, 2 modifications)
2025-03-21T10:46:03.214+09:00  INFO 6404 --- [ch10] [Thread-23] o.s.b.w.e.tomcat.GracefulShutdown        : Commencing graceful shutdown. Waiting for active requests to complete
2025-03-21T10:46:03.288+09:00  INFO 6404 --- [ch10] [tomcat-shutdown] o.s.b.w.e.tomcat.GracefulShutdown        : Graceful shutdown complete
2025-03-21T10:46:03.290+09:00  INFO 6404 --- [ch10] [Thread-23] j.LocalContainerEntityManagerFactoryBean : Closing JPA EntityManagerFactory for persistence unit 'default'
2025-03-21T10:46:03.290+09:00  INFO 6404 --- [ch10] [Thread-23] com.zaxxer.hikari.HikariDataSource       : HikariPool-7 - Shutdown initiated...
2025-03-21T10:46:03.294+09:00  INFO 6404 --- [ch10] [Thread-23] com.zaxxer.hikari.HikariDataSource       : HikariPool-7 - Shutdown completed.
2025-03-21T10:46:03.351+09:00  INFO 6404 --- [ch10] [restartedMain] kr.co.ch10.Ch10Application               : Starting Ch10Application using Java 17.0.12 with PID 6404 (C:\Users\lotte6\Desktop\workspace\Spring\ch10\build\classes\java\main started by lotte6 in C:\Users\lotte6\Desktop\workspace\Spring\ch10)
2025-03-21T10:46:03.351+09:00  INFO 6404 --- [ch10] [restartedMain] kr.co.ch10.Ch10Application               : No active profile set, falling back to 1 default profile: "default"
2025-03-21T10:46:03.519+09:00  INFO 6404 --- [ch10] [restartedMain] .s.d.r.c.RepositoryConfigurationDelegate : Bootstrapping Spring Data JPA repositories in DEFAULT mode.
2025-03-21T10:46:03.528+09:00  INFO 6404 --- [ch10] [restartedMain] .s.d.r.c.RepositoryConfigurationDelegate : Finished Spring Data repository scanning in 8 ms. Found 1 JPA repository interface.
2025-03-21T10:46:03.629+09:00  INFO 6404 --- [ch10] [restartedMain] o.s.b.w.embedded.tomcat.TomcatWebServer  : Tomcat initialized with port 8080 (http)
2025-03-21T10:46:03.629+09:00  INFO 6404 --- [ch10] [restartedMain] o.apache.catalina.core.StandardService   : Starting service [Tomcat]
2025-03-21T10:46:03.630+09:00  INFO 6404 --- [ch10] [restartedMain] o.apache.catalina.core.StandardEngine    : Starting Servlet engine: [Apache Tomcat/10.1.36]
2025-03-21T10:46:03.645+09:00  INFO 6404 --- [ch10] [restartedMain] o.a.c.c.C.[.[localhost].[/ch10]          : Initializing Spring embedded WebApplicationContext
2025-03-21T10:46:03.645+09:00  INFO 6404 --- [ch10] [restartedMain] w.s.c.ServletWebServerApplicationContext : Root WebApplicationContext: initialization completed in 292 ms
2025-03-21T10:46:03.688+09:00  INFO 6404 --- [ch10] [restartedMain] o.hibernate.jpa.internal.util.LogHelper  : HHH000204: Processing PersistenceUnitInfo [name: default]
2025-03-21T10:46:03.692+09:00  INFO 6404 --- [ch10] [restartedMain] o.h.c.internal.RegionFactoryInitiator    : HHH000026: Second-level cache disabled
2025-03-21T10:46:03.699+09:00  INFO 6404 --- [ch10] [restartedMain] o.s.o.j.p.SpringPersistenceUnitInfo      : No LoadTimeWeaver setup: ignoring JPA class transformer
2025-03-21T10:46:03.701+09:00  INFO 6404 --- [ch10] [restartedMain] com.zaxxer.hikari.HikariDataSource       : HikariPool-8 - Starting...
2025-03-21T10:46:03.710+09:00  INFO 6404 --- [ch10] [restartedMain] com.zaxxer.hikari.pool.HikariPool        : HikariPool-8 - Added connection com.mysql.cj.jdbc.ConnectionImpl@31043d40
2025-03-21T10:46:03.711+09:00  INFO 6404 --- [ch10] [restartedMain] com.zaxxer.hikari.HikariDataSource       : HikariPool-8 - Start completed.
2025-03-21T10:46:03.711+09:00  WARN 6404 --- [ch10] [restartedMain] org.hibernate.orm.deprecation            : HHH90000025: MySQLDialect does not need to be specified explicitly using 'hibernate.dialect' (remove the property setting and it will be selected by default)
2025-03-21T10:46:03.712+09:00  INFO 6404 --- [ch10] [restartedMain] org.hibernate.orm.connections.pooling    : HHH10001005: Database info:
	Database JDBC URL [Connecting through datasource 'HikariDataSource (HikariPool-8)']
	Database driver: undefined/unknown
	Database version: 8.4.3
	Autocommit mode: undefined/unknown
	Isolation level: undefined/unknown
	Minimum pool size: undefined/unknown
	Maximum pool size: undefined/unknown
2025-03-21T10:46:03.737+09:00  INFO 6404 --- [ch10] [restartedMain] o.h.e.t.j.p.i.JtaPlatformInitiator       : HHH000489: No JTA platform available (set 'hibernate.transaction.jta.platform' to enable JTA platform integration)
2025-03-21T10:46:03.745+09:00  INFO 6404 --- [ch10] [restartedMain] j.LocalContainerEntityManagerFactoryBean : Initialized JPA EntityManagerFactory for persistence unit 'default'
2025-03-21T10:46:03.804+09:00  WARN 6404 --- [ch10] [restartedMain] JpaBaseConfiguration$JpaWebConfiguration : spring.jpa.open-in-view is enabled by default. Therefore, database queries may be performed during view rendering. Explicitly configure spring.jpa.open-in-view to disable this warning
2025-03-21T10:46:03.817+09:00  INFO 6404 --- [ch10] [restartedMain] r$InitializeUserDetailsManagerConfigurer : Global AuthenticationManager configured with UserDetailsService bean with name myUserDetailsService
2025-03-21T10:46:03.829+09:00  INFO 6404 --- [ch10] [restartedMain] o.s.b.a.w.s.WelcomePageHandlerMapping    : Adding welcome page template: index
2025-03-21T10:46:04.055+09:00  INFO 6404 --- [ch10] [restartedMain] o.s.b.d.a.OptionalLiveReloadServer       : LiveReload server is running on port 35729
2025-03-21T10:46:04.065+09:00  INFO 6404 --- [ch10] [restartedMain] o.s.b.w.embedded.tomcat.TomcatWebServer  : Tomcat started on port 8080 (http) with context path '/ch10'
2025-03-21T10:46:04.068+09:00  INFO 6404 --- [ch10] [restartedMain] kr.co.ch10.Ch10Application               : Started Ch10Application in 0.739 seconds (process running for 2831.36)
2025-03-21T10:46:04.069+09:00  INFO 6404 --- [ch10] [restartedMain] .ConditionEvaluationDeltaLoggingListener : Condition evaluation unchanged
2025-03-21T11:21:19.647+09:00  INFO 6404 --- [ch10] [File Watcher] rtingClassPathChangeChangedEventListener : Restarting due to 2 class path changes (0 additions, 2 deletions, 0 modifications)
2025-03-21T11:21:19.649+09:00  INFO 6404 --- [ch10] [Thread-30] o.s.b.w.e.tomcat.GracefulShutdown        : Commencing graceful shutdown. Waiting for active requests to complete
2025-03-21T11:21:19.752+09:00  INFO 6404 --- [ch10] [tomcat-shutdown] o.s.b.w.e.tomcat.GracefulShutdown        : Graceful shutdown complete
2025-03-21T11:21:19.754+09:00  INFO 6404 --- [ch10] [Thread-30] j.LocalContainerEntityManagerFactoryBean : Closing JPA EntityManagerFactory for persistence unit 'default'
2025-03-21T11:21:19.755+09:00  INFO 6404 --- [ch10] [Thread-30] com.zaxxer.hikari.HikariDataSource       : HikariPool-8 - Shutdown initiated...
2025-03-21T11:21:19.761+09:00  INFO 6404 --- [ch10] [Thread-30] com.zaxxer.hikari.HikariDataSource       : HikariPool-8 - Shutdown completed.
2025-03-21T11:21:19.884+09:00  INFO 6404 --- [ch10] [restartedMain] kr.co.ch10.Ch10Application               : Starting Ch10Application using Java 17.0.12 with PID 6404 (C:\Users\lotte6\Desktop\workspace\Spring\ch10\build\classes\java\main started by lotte6 in C:\Users\lotte6\Desktop\workspace\Spring\ch10)
2025-03-21T11:21:19.885+09:00  INFO 6404 --- [ch10] [restartedMain] kr.co.ch10.Ch10Application               : No active profile set, falling back to 1 default profile: "default"
2025-03-21T11:21:20.057+09:00  INFO 6404 --- [ch10] [restartedMain] .s.d.r.c.RepositoryConfigurationDelegate : Bootstrapping Spring Data JPA repositories in DEFAULT mode.
2025-03-21T11:21:20.066+09:00  INFO 6404 --- [ch10] [restartedMain] .s.d.r.c.RepositoryConfigurationDelegate : Finished Spring Data repository scanning in 8 ms. Found 1 JPA repository interface.
2025-03-21T11:21:20.169+09:00  INFO 6404 --- [ch10] [restartedMain] o.s.b.w.embedded.tomcat.TomcatWebServer  : Tomcat initialized with port 8080 (http)
2025-03-21T11:21:20.170+09:00  INFO 6404 --- [ch10] [restartedMain] o.apache.catalina.core.StandardService   : Starting service [Tomcat]
2025-03-21T11:21:20.170+09:00  INFO 6404 --- [ch10] [restartedMain] o.apache.catalina.core.StandardEngine    : Starting Servlet engine: [Apache Tomcat/10.1.36]
2025-03-21T11:21:20.188+09:00  INFO 6404 --- [ch10] [restartedMain] o.a.c.c.C.[.[localhost].[/ch10]          : Initializing Spring embedded WebApplicationContext
2025-03-21T11:21:20.188+09:00  INFO 6404 --- [ch10] [restartedMain] w.s.c.ServletWebServerApplicationContext : Root WebApplicationContext: initialization completed in 301 ms
2025-03-21T11:21:20.243+09:00  INFO 6404 --- [ch10] [restartedMain] o.hibernate.jpa.internal.util.LogHelper  : HHH000204: Processing PersistenceUnitInfo [name: default]
2025-03-21T11:21:20.247+09:00  INFO 6404 --- [ch10] [restartedMain] o.h.c.internal.RegionFactoryInitiator    : HHH000026: Second-level cache disabled
2025-03-21T11:21:20.255+09:00  INFO 6404 --- [ch10] [restartedMain] o.s.o.j.p.SpringPersistenceUnitInfo      : No LoadTimeWeaver setup: ignoring JPA class transformer
2025-03-21T11:21:20.257+09:00  INFO 6404 --- [ch10] [restartedMain] com.zaxxer.hikari.HikariDataSource       : HikariPool-9 - Starting...
2025-03-21T11:21:20.267+09:00  INFO 6404 --- [ch10] [restartedMain] com.zaxxer.hikari.pool.HikariPool        : HikariPool-9 - Added connection com.mysql.cj.jdbc.ConnectionImpl@15d94945
2025-03-21T11:21:20.267+09:00  INFO 6404 --- [ch10] [restartedMain] com.zaxxer.hikari.HikariDataSource       : HikariPool-9 - Start completed.
2025-03-21T11:21:20.268+09:00  WARN 6404 --- [ch10] [restartedMain] org.hibernate.orm.deprecation            : HHH90000025: MySQLDialect does not need to be specified explicitly using 'hibernate.dialect' (remove the property setting and it will be selected by default)
2025-03-21T11:21:20.268+09:00  INFO 6404 --- [ch10] [restartedMain] org.hibernate.orm.connections.pooling    : HHH10001005: Database info:
	Database JDBC URL [Connecting through datasource 'HikariDataSource (HikariPool-9)']
	Database driver: undefined/unknown
	Database version: 8.4.3
	Autocommit mode: undefined/unknown
	Isolation level: undefined/unknown
	Minimum pool size: undefined/unknown
	Maximum pool size: undefined/unknown
2025-03-21T11:21:20.293+09:00  INFO 6404 --- [ch10] [restartedMain] o.h.e.t.j.p.i.JtaPlatformInitiator       : HHH000489: No JTA platform available (set 'hibernate.transaction.jta.platform' to enable JTA platform integration)
2025-03-21T11:21:20.301+09:00  INFO 6404 --- [ch10] [restartedMain] j.LocalContainerEntityManagerFactoryBean : Initialized JPA EntityManagerFactory for persistence unit 'default'
2025-03-21T11:21:20.358+09:00  INFO 6404 --- [ch10] [restartedMain] r$InitializeUserDetailsManagerConfigurer : Global AuthenticationManager configured with UserDetailsService bean with name myUserDetailsService
2025-03-21T11:21:20.369+09:00  WARN 6404 --- [ch10] [restartedMain] JpaBaseConfiguration$JpaWebConfiguration : spring.jpa.open-in-view is enabled by default. Therefore, database queries may be performed during view rendering. Explicitly configure spring.jpa.open-in-view to disable this warning
2025-03-21T11:21:20.392+09:00  INFO 6404 --- [ch10] [restartedMain] o.s.b.a.w.s.WelcomePageHandlerMapping    : Adding welcome page template: index
2025-03-21T11:21:20.656+09:00  INFO 6404 --- [ch10] [restartedMain] o.s.b.d.a.OptionalLiveReloadServer       : LiveReload server is running on port 35729
2025-03-21T11:21:20.665+09:00  INFO 6404 --- [ch10] [restartedMain] o.s.b.w.embedded.tomcat.TomcatWebServer  : Tomcat started on port 8080 (http) with context path '/ch10'
2025-03-21T11:21:20.668+09:00  INFO 6404 --- [ch10] [restartedMain] kr.co.ch10.Ch10Application               : Started Ch10Application in 0.866 seconds (process running for 4947.987)
2025-03-21T11:21:20.669+09:00  INFO 6404 --- [ch10] [restartedMain] .ConditionEvaluationDeltaLoggingListener : Condition evaluation unchanged
2025-03-21T11:21:22.084+09:00  INFO 6404 --- [ch10] [File Watcher] rtingClassPathChangeChangedEventListener : Restarting due to 5 class path changes (3 additions, 1 deletion, 1 modification)
2025-03-21T11:21:22.085+09:00  INFO 6404 --- [ch10] [Thread-34] o.s.b.w.e.tomcat.GracefulShutdown        : Commencing graceful shutdown. Waiting for active requests to complete
2025-03-21T11:21:22.160+09:00  INFO 6404 --- [ch10] [tomcat-shutdown] o.s.b.w.e.tomcat.GracefulShutdown        : Graceful shutdown complete
2025-03-21T11:21:22.162+09:00  INFO 6404 --- [ch10] [Thread-34] j.LocalContainerEntityManagerFactoryBean : Closing JPA EntityManagerFactory for persistence unit 'default'
2025-03-21T11:21:22.162+09:00  INFO 6404 --- [ch10] [Thread-34] com.zaxxer.hikari.HikariDataSource       : HikariPool-9 - Shutdown initiated...
2025-03-21T11:21:22.166+09:00  INFO 6404 --- [ch10] [Thread-34] com.zaxxer.hikari.HikariDataSource       : HikariPool-9 - Shutdown completed.
2025-03-21T11:21:22.231+09:00  INFO 6404 --- [ch10] [restartedMain] kr.co.ch10.Ch10Application               : Starting Ch10Application using Java 17.0.12 with PID 6404 (C:\Users\lotte6\Desktop\workspace\Spring\ch10\build\classes\java\main started by lotte6 in C:\Users\lotte6\Desktop\workspace\Spring\ch10)
2025-03-21T11:21:22.231+09:00  INFO 6404 --- [ch10] [restartedMain] kr.co.ch10.Ch10Application               : No active profile set, falling back to 1 default profile: "default"
2025-03-21T11:21:22.398+09:00  INFO 6404 --- [ch10] [restartedMain] .s.d.r.c.RepositoryConfigurationDelegate : Bootstrapping Spring Data JPA repositories in DEFAULT mode.
2025-03-21T11:21:22.408+09:00  INFO 6404 --- [ch10] [restartedMain] .s.d.r.c.RepositoryConfigurationDelegate : Finished Spring Data repository scanning in 8 ms. Found 1 JPA repository interface.
2025-03-21T11:21:22.518+09:00  INFO 6404 --- [ch10] [restartedMain] o.s.b.w.embedded.tomcat.TomcatWebServer  : Tomcat initialized with port 8080 (http)
2025-03-21T11:21:22.518+09:00  INFO 6404 --- [ch10] [restartedMain] o.apache.catalina.core.StandardService   : Starting service [Tomcat]
2025-03-21T11:21:22.518+09:00  INFO 6404 --- [ch10] [restartedMain] o.apache.catalina.core.StandardEngine    : Starting Servlet engine: [Apache Tomcat/10.1.36]
2025-03-21T11:21:22.534+09:00  INFO 6404 --- [ch10] [restartedMain] o.a.c.c.C.[.[localhost].[/ch10]          : Initializing Spring embedded WebApplicationContext
2025-03-21T11:21:22.534+09:00  INFO 6404 --- [ch10] [restartedMain] w.s.c.ServletWebServerApplicationContext : Root WebApplicationContext: initialization completed in 302 ms
2025-03-21T11:21:22.577+09:00  INFO 6404 --- [ch10] [restartedMain] o.hibernate.jpa.internal.util.LogHelper  : HHH000204: Processing PersistenceUnitInfo [name: default]
2025-03-21T11:21:22.581+09:00  INFO 6404 --- [ch10] [restartedMain] o.h.c.internal.RegionFactoryInitiator    : HHH000026: Second-level cache disabled
2025-03-21T11:21:22.589+09:00  INFO 6404 --- [ch10] [restartedMain] o.s.o.j.p.SpringPersistenceUnitInfo      : No LoadTimeWeaver setup: ignoring JPA class transformer
2025-03-21T11:21:22.590+09:00  INFO 6404 --- [ch10] [restartedMain] com.zaxxer.hikari.HikariDataSource       : HikariPool-10 - Starting...
2025-03-21T11:21:22.600+09:00  INFO 6404 --- [ch10] [restartedMain] com.zaxxer.hikari.pool.HikariPool        : HikariPool-10 - Added connection com.mysql.cj.jdbc.ConnectionImpl@207e9ee7
2025-03-21T11:21:22.600+09:00  INFO 6404 --- [ch10] [restartedMain] com.zaxxer.hikari.HikariDataSource       : HikariPool-10 - Start completed.
2025-03-21T11:21:22.601+09:00  WARN 6404 --- [ch10] [restartedMain] org.hibernate.orm.deprecation            : HHH90000025: MySQLDialect does not need to be specified explicitly using 'hibernate.dialect' (remove the property setting and it will be selected by default)
2025-03-21T11:21:22.601+09:00  INFO 6404 --- [ch10] [restartedMain] org.hibernate.orm.connections.pooling    : HHH10001005: Database info:
	Database JDBC URL [Connecting through datasource 'HikariDataSource (HikariPool-10)']
	Database driver: undefined/unknown
	Database version: 8.4.3
	Autocommit mode: undefined/unknown
	Isolation level: undefined/unknown
	Minimum pool size: undefined/unknown
	Maximum pool size: undefined/unknown
2025-03-21T11:21:22.632+09:00  INFO 6404 --- [ch10] [restartedMain] o.h.e.t.j.p.i.JtaPlatformInitiator       : HHH000489: No JTA platform available (set 'hibernate.transaction.jta.platform' to enable JTA platform integration)
2025-03-21T11:21:22.640+09:00  INFO 6404 --- [ch10] [restartedMain] j.LocalContainerEntityManagerFactoryBean : Initialized JPA EntityManagerFactory for persistence unit 'default'
2025-03-21T11:21:22.700+09:00  INFO 6404 --- [ch10] [restartedMain] r$InitializeUserDetailsManagerConfigurer : Global AuthenticationManager configured with UserDetailsService bean with name myUserDetailsService
2025-03-21T11:21:22.713+09:00  WARN 6404 --- [ch10] [restartedMain] JpaBaseConfiguration$JpaWebConfiguration : spring.jpa.open-in-view is enabled by default. Therefore, database queries may be performed during view rendering. Explicitly configure spring.jpa.open-in-view to disable this warning
2025-03-21T11:21:22.737+09:00  INFO 6404 --- [ch10] [restartedMain] o.s.b.a.w.s.WelcomePageHandlerMapping    : Adding welcome page template: index
2025-03-21T11:21:23.013+09:00  INFO 6404 --- [ch10] [restartedMain] o.s.b.d.a.OptionalLiveReloadServer       : LiveReload server is running on port 35729
2025-03-21T11:21:23.024+09:00  INFO 6404 --- [ch10] [restartedMain] o.s.b.w.embedded.tomcat.TomcatWebServer  : Tomcat started on port 8080 (http) with context path '/ch10'
2025-03-21T11:21:23.028+09:00  INFO 6404 --- [ch10] [restartedMain] kr.co.ch10.Ch10Application               : Started Ch10Application in 0.821 seconds (process running for 4950.347)
2025-03-21T11:21:23.029+09:00  INFO 6404 --- [ch10] [restartedMain] .ConditionEvaluationDeltaLoggingListener : Condition evaluation unchanged
2025-03-21T11:22:13.230+09:00  INFO 6404 --- [ch10] [File Watcher] rtingClassPathChangeChangedEventListener : Restarting due to 1 class path change (0 additions, 1 deletion, 0 modifications)
2025-03-21T11:22:13.231+09:00  INFO 6404 --- [ch10] [Thread-38] o.s.b.w.e.tomcat.GracefulShutdown        : Commencing graceful shutdown. Waiting for active requests to complete
2025-03-21T11:22:13.306+09:00  INFO 6404 --- [ch10] [tomcat-shutdown] o.s.b.w.e.tomcat.GracefulShutdown        : Graceful shutdown complete
2025-03-21T11:22:13.307+09:00  INFO 6404 --- [ch10] [Thread-38] j.LocalContainerEntityManagerFactoryBean : Closing JPA EntityManagerFactory for persistence unit 'default'
2025-03-21T11:22:13.308+09:00  INFO 6404 --- [ch10] [Thread-38] com.zaxxer.hikari.HikariDataSource       : HikariPool-10 - Shutdown initiated...
2025-03-21T11:22:13.312+09:00  INFO 6404 --- [ch10] [Thread-38] com.zaxxer.hikari.HikariDataSource       : HikariPool-10 - Shutdown completed.
2025-03-21T11:22:13.370+09:00  INFO 6404 --- [ch10] [restartedMain] kr.co.ch10.Ch10Application               : Starting Ch10Application using Java 17.0.12 with PID 6404 (C:\Users\lotte6\Desktop\workspace\Spring\ch10\build\classes\java\main started by lotte6 in C:\Users\lotte6\Desktop\workspace\Spring\ch10)
2025-03-21T11:22:13.370+09:00  INFO 6404 --- [ch10] [restartedMain] kr.co.ch10.Ch10Application               : No active profile set, falling back to 1 default profile: "default"
2025-03-21T11:22:13.536+09:00  INFO 6404 --- [ch10] [restartedMain] .s.d.r.c.RepositoryConfigurationDelegate : Bootstrapping Spring Data JPA repositories in DEFAULT mode.
2025-03-21T11:22:13.545+09:00  INFO 6404 --- [ch10] [restartedMain] .s.d.r.c.RepositoryConfigurationDelegate : Finished Spring Data repository scanning in 7 ms. Found 1 JPA repository interface.
2025-03-21T11:22:13.627+09:00  INFO 6404 --- [ch10] [restartedMain] o.s.b.w.embedded.tomcat.TomcatWebServer  : Tomcat initialized with port 8080 (http)
2025-03-21T11:22:13.627+09:00  INFO 6404 --- [ch10] [restartedMain] o.apache.catalina.core.StandardService   : Starting service [Tomcat]
2025-03-21T11:22:13.627+09:00  INFO 6404 --- [ch10] [restartedMain] o.apache.catalina.core.StandardEngine    : Starting Servlet engine: [Apache Tomcat/10.1.36]
2025-03-21T11:22:13.643+09:00  INFO 6404 --- [ch10] [restartedMain] o.a.c.c.C.[.[localhost].[/ch10]          : Initializing Spring embedded WebApplicationContext
2025-03-21T11:22:13.643+09:00  INFO 6404 --- [ch10] [restartedMain] w.s.c.ServletWebServerApplicationContext : Root WebApplicationContext: initialization completed in 271 ms
2025-03-21T11:22:13.681+09:00  INFO 6404 --- [ch10] [restartedMain] o.hibernate.jpa.internal.util.LogHelper  : HHH000204: Processing PersistenceUnitInfo [name: default]
2025-03-21T11:22:13.684+09:00  INFO 6404 --- [ch10] [restartedMain] o.h.c.internal.RegionFactoryInitiator    : HHH000026: Second-level cache disabled
2025-03-21T11:22:13.691+09:00  INFO 6404 --- [ch10] [restartedMain] o.s.o.j.p.SpringPersistenceUnitInfo      : No LoadTimeWeaver setup: ignoring JPA class transformer
2025-03-21T11:22:13.692+09:00  INFO 6404 --- [ch10] [restartedMain] com.zaxxer.hikari.HikariDataSource       : HikariPool-11 - Starting...
2025-03-21T11:22:13.701+09:00  INFO 6404 --- [ch10] [restartedMain] com.zaxxer.hikari.pool.HikariPool        : HikariPool-11 - Added connection com.mysql.cj.jdbc.ConnectionImpl@18a89db3
2025-03-21T11:22:13.701+09:00  INFO 6404 --- [ch10] [restartedMain] com.zaxxer.hikari.HikariDataSource       : HikariPool-11 - Start completed.
2025-03-21T11:22:13.702+09:00  WARN 6404 --- [ch10] [restartedMain] org.hibernate.orm.deprecation            : HHH90000025: MySQLDialect does not need to be specified explicitly using 'hibernate.dialect' (remove the property setting and it will be selected by default)
2025-03-21T11:22:13.702+09:00  INFO 6404 --- [ch10] [restartedMain] org.hibernate.orm.connections.pooling    : HHH10001005: Database info:
	Database JDBC URL [Connecting through datasource 'HikariDataSource (HikariPool-11)']
	Database driver: undefined/unknown
	Database version: 8.4.3
	Autocommit mode: undefined/unknown
	Isolation level: undefined/unknown
	Minimum pool size: undefined/unknown
	Maximum pool size: undefined/unknown
2025-03-21T11:22:13.726+09:00  INFO 6404 --- [ch10] [restartedMain] o.h.e.t.j.p.i.JtaPlatformInitiator       : HHH000489: No JTA platform available (set 'hibernate.transaction.jta.platform' to enable JTA platform integration)
2025-03-21T11:22:13.733+09:00  INFO 6404 --- [ch10] [restartedMain] j.LocalContainerEntityManagerFactoryBean : Initialized JPA EntityManagerFactory for persistence unit 'default'
2025-03-21T11:22:13.803+09:00  INFO 6404 --- [ch10] [restartedMain] r$InitializeUserDetailsManagerConfigurer : Global AuthenticationManager configured with UserDetailsService bean with name myUserDetailsService
2025-03-21T11:22:13.813+09:00  WARN 6404 --- [ch10] [restartedMain] JpaBaseConfiguration$JpaWebConfiguration : spring.jpa.open-in-view is enabled by default. Therefore, database queries may be performed during view rendering. Explicitly configure spring.jpa.open-in-view to disable this warning
2025-03-21T11:22:13.834+09:00  INFO 6404 --- [ch10] [restartedMain] o.s.b.a.w.s.WelcomePageHandlerMapping    : Adding welcome page template: index
2025-03-21T11:22:14.065+09:00  INFO 6404 --- [ch10] [restartedMain] o.s.b.d.a.OptionalLiveReloadServer       : LiveReload server is running on port 35729
2025-03-21T11:22:14.073+09:00  INFO 6404 --- [ch10] [restartedMain] o.s.b.w.embedded.tomcat.TomcatWebServer  : Tomcat started on port 8080 (http) with context path '/ch10'
2025-03-21T11:22:14.076+09:00  INFO 6404 --- [ch10] [restartedMain] kr.co.ch10.Ch10Application               : Started Ch10Application in 0.727 seconds (process running for 5001.396)
2025-03-21T11:22:14.077+09:00  INFO 6404 --- [ch10] [restartedMain] .ConditionEvaluationDeltaLoggingListener : Condition evaluation unchanged
2025-03-21T11:22:15.482+09:00  INFO 6404 --- [ch10] [File Watcher] rtingClassPathChangeChangedEventListener : Restarting due to 1 class path change (1 addition, 0 deletions, 0 modifications)
2025-03-21T11:22:15.483+09:00  INFO 6404 --- [ch10] [Thread-42] o.s.b.w.e.tomcat.GracefulShutdown        : Commencing graceful shutdown. Waiting for active requests to complete
2025-03-21T11:22:15.555+09:00  INFO 6404 --- [ch10] [tomcat-shutdown] o.s.b.w.e.tomcat.GracefulShutdown        : Graceful shutdown complete
2025-03-21T11:22:15.557+09:00  INFO 6404 --- [ch10] [Thread-42] j.LocalContainerEntityManagerFactoryBean : Closing JPA EntityManagerFactory for persistence unit 'default'
2025-03-21T11:22:15.557+09:00  INFO 6404 --- [ch10] [Thread-42] com.zaxxer.hikari.HikariDataSource       : HikariPool-11 - Shutdown initiated...
2025-03-21T11:22:15.562+09:00  INFO 6404 --- [ch10] [Thread-42] com.zaxxer.hikari.HikariDataSource       : HikariPool-11 - Shutdown completed.
2025-03-21T11:22:15.623+09:00  INFO 6404 --- [ch10] [restartedMain] kr.co.ch10.Ch10Application               : Starting Ch10Application using Java 17.0.12 with PID 6404 (C:\Users\lotte6\Desktop\workspace\Spring\ch10\build\classes\java\main started by lotte6 in C:\Users\lotte6\Desktop\workspace\Spring\ch10)
2025-03-21T11:22:15.623+09:00  INFO 6404 --- [ch10] [restartedMain] kr.co.ch10.Ch10Application               : No active profile set, falling back to 1 default profile: "default"
2025-03-21T11:22:15.790+09:00  INFO 6404 --- [ch10] [restartedMain] .s.d.r.c.RepositoryConfigurationDelegate : Bootstrapping Spring Data JPA repositories in DEFAULT mode.
2025-03-21T11:22:15.800+09:00  INFO 6404 --- [ch10] [restartedMain] .s.d.r.c.RepositoryConfigurationDelegate : Finished Spring Data repository scanning in 8 ms. Found 1 JPA repository interface.
2025-03-21T11:22:15.891+09:00  INFO 6404 --- [ch10] [restartedMain] o.s.b.w.embedded.tomcat.TomcatWebServer  : Tomcat initialized with port 8080 (http)
2025-03-21T11:22:15.891+09:00  INFO 6404 --- [ch10] [restartedMain] o.apache.catalina.core.StandardService   : Starting service [Tomcat]
2025-03-21T11:22:15.891+09:00  INFO 6404 --- [ch10] [restartedMain] o.apache.catalina.core.StandardEngine    : Starting Servlet engine: [Apache Tomcat/10.1.36]
2025-03-21T11:22:15.907+09:00  INFO 6404 --- [ch10] [restartedMain] o.a.c.c.C.[.[localhost].[/ch10]          : Initializing Spring embedded WebApplicationContext
2025-03-21T11:22:15.907+09:00  INFO 6404 --- [ch10] [restartedMain] w.s.c.ServletWebServerApplicationContext : Root WebApplicationContext: initialization completed in 282 ms
2025-03-21T11:22:15.944+09:00  INFO 6404 --- [ch10] [restartedMain] o.hibernate.jpa.internal.util.LogHelper  : HHH000204: Processing PersistenceUnitInfo [name: default]
2025-03-21T11:22:15.947+09:00  INFO 6404 --- [ch10] [restartedMain] o.h.c.internal.RegionFactoryInitiator    : HHH000026: Second-level cache disabled
2025-03-21T11:22:15.955+09:00  INFO 6404 --- [ch10] [restartedMain] o.s.o.j.p.SpringPersistenceUnitInfo      : No LoadTimeWeaver setup: ignoring JPA class transformer
2025-03-21T11:22:15.955+09:00  INFO 6404 --- [ch10] [restartedMain] com.zaxxer.hikari.HikariDataSource       : HikariPool-12 - Starting...
2025-03-21T11:22:15.964+09:00  INFO 6404 --- [ch10] [restartedMain] com.zaxxer.hikari.pool.HikariPool        : HikariPool-12 - Added connection com.mysql.cj.jdbc.ConnectionImpl@28bd5b04
2025-03-21T11:22:15.964+09:00  INFO 6404 --- [ch10] [restartedMain] com.zaxxer.hikari.HikariDataSource       : HikariPool-12 - Start completed.
2025-03-21T11:22:15.965+09:00  WARN 6404 --- [ch10] [restartedMain] org.hibernate.orm.deprecation            : HHH90000025: MySQLDialect does not need to be specified explicitly using 'hibernate.dialect' (remove the property setting and it will be selected by default)
2025-03-21T11:22:15.965+09:00  INFO 6404 --- [ch10] [restartedMain] org.hibernate.orm.connections.pooling    : HHH10001005: Database info:
	Database JDBC URL [Connecting through datasource 'HikariDataSource (HikariPool-12)']
	Database driver: undefined/unknown
	Database version: 8.4.3
	Autocommit mode: undefined/unknown
	Isolation level: undefined/unknown
	Minimum pool size: undefined/unknown
	Maximum pool size: undefined/unknown
2025-03-21T11:22:15.987+09:00  INFO 6404 --- [ch10] [restartedMain] o.h.e.t.j.p.i.JtaPlatformInitiator       : HHH000489: No JTA platform available (set 'hibernate.transaction.jta.platform' to enable JTA platform integration)
2025-03-21T11:22:15.995+09:00  INFO 6404 --- [ch10] [restartedMain] j.LocalContainerEntityManagerFactoryBean : Initialized JPA EntityManagerFactory for persistence unit 'default'
2025-03-21T11:22:16.046+09:00  INFO 6404 --- [ch10] [restartedMain] r$InitializeUserDetailsManagerConfigurer : Global AuthenticationManager configured with UserDetailsService bean with name myUserDetailsService
2025-03-21T11:22:16.056+09:00  WARN 6404 --- [ch10] [restartedMain] JpaBaseConfiguration$JpaWebConfiguration : spring.jpa.open-in-view is enabled by default. Therefore, database queries may be performed during view rendering. Explicitly configure spring.jpa.open-in-view to disable this warning
2025-03-21T11:22:16.077+09:00  INFO 6404 --- [ch10] [restartedMain] o.s.b.a.w.s.WelcomePageHandlerMapping    : Adding welcome page template: index
2025-03-21T11:22:16.295+09:00  INFO 6404 --- [ch10] [restartedMain] o.s.b.d.a.OptionalLiveReloadServer       : LiveReload server is running on port 35729
2025-03-21T11:22:16.303+09:00  INFO 6404 --- [ch10] [restartedMain] o.s.b.w.embedded.tomcat.TomcatWebServer  : Tomcat started on port 8080 (http) with context path '/ch10'
2025-03-21T11:22:16.306+09:00  INFO 6404 --- [ch10] [restartedMain] kr.co.ch10.Ch10Application               : Started Ch10Application in 0.704 seconds (process running for 5003.625)
2025-03-21T11:22:16.307+09:00  INFO 6404 --- [ch10] [restartedMain] .ConditionEvaluationDeltaLoggingListener : Condition evaluation unchanged
2025-03-21T11:22:21.309+09:00  INFO 6404 --- [ch10] [http-nio-8080-exec-3] o.a.c.c.C.[.[localhost].[/ch10]          : Initializing Spring DispatcherServlet 'dispatcherServlet'
2025-03-21T11:22:21.309+09:00  INFO 6404 --- [ch10] [http-nio-8080-exec-3] o.s.web.servlet.DispatcherServlet        : Initializing Servlet 'dispatcherServlet'
2025-03-21T11:22:21.310+09:00  INFO 6404 --- [ch10] [http-nio-8080-exec-3] o.s.web.servlet.DispatcherServlet        : Completed initialization in 1 ms
2025-03-21T11:22:21.314+09:00  INFO 6404 --- [ch10] [http-nio-8080-exec-3] kr.co.ch10.jwt.JwtAuthenticationFilter   : header:null
2025-03-21T11:22:21.315+09:00  INFO 6404 --- [ch10] [http-nio-8080-exec-3] kr.co.ch10.jwt.JwtAuthenticationFilter   : header:null
2025-03-21T11:22:21.342+09:00  WARN 6404 --- [ch10] [http-nio-8080-exec-3] .w.s.m.s.DefaultHandlerExceptionResolver : Resolved [org.springframework.web.HttpRequestMethodNotSupportedException: Request method 'POST' is not supported]
